  72.04727565   28.6   607.4 0001 0015 2    1.0000    1.0000 PM0038_03381    1
  19.99866113   11.4   607.4 0001 0013 4    0.2776    3.6026 PM0038_03381    2
 310.79567624    9.9   607.4 0001 0003 5    4.3138    0.2318 PM0038_03381    3
  17.35085336    9.9   607.4 0001 0009 5    0.2408    4.1524 PM0038_03381    4
  58.34579547    9.6   607.4 0001 0004 5    0.8098    1.2348 PM0038_03381    5
  10.50585623    9.6   607.4 0001 0008 5    0.1458    6.8578 PM0038_03381    6
  16.83643897    9.6   607.4 0001 0006 5    0.2337    4.2792 PM0038_03381    7
   8.87026137    9.4   607.4 0001 0007 5    0.1231    8.1223 PM0038_03381    8
  80.65484909    9.3   607.4 0001 0002 5    1.1195    0.8933 PM0038_03381    9
  13.69639716    9.2   607.4 0001 0002 5    0.1901    5.2603 PM0038_03381   10
  10.18675381    9.2   607.4 0001 0005 5    0.1414    7.0726 PM0038_03381   11
  36.49486104    9.2   607.4 0001 0001 5    0.5065    1.9742 PM0038_03381   12
  12.82294204    9.2   607.4 0001 0004 5    0.1780    5.6186 PM0038_03381   13
  18.71323160    9.1   607.4 0001 0002 5    0.2597    3.8501 PM0038_03381   14
   6.52452793    8.9   607.4 0001 0001 4    0.0906   11.0425 PM0038_03381   15
   4.50953295    8.8   607.4 0001 0002 4    0.0626   15.9767 PM0038_03381   16
   4.12060815    8.6   607.4 0001 0001 4    0.0572   17.4846 PM0038_03381   17
  11.71986196    8.6   607.4 0001 0001 4    0.1627    6.1475 PM0038_03381   18
   6.03994977    8.3   607.4 0001 0001 4    0.0838   11.9285 PM0038_03381   19
   2.84004072    8.1   607.4 0001 0001 3    0.0394   25.3684 PM0038_03381   20
  88.92549159    8.1   607.4 0001 0001 4    1.2343    0.8102 PM0038_03381   21
   3.15086524    8.0   607.4 0001 0001 3    0.0437   22.8659 PM0038_03381   22
