   4.00000019  252.9     0.0 0001 1068 3    1.0000    1.0000 PM0096_02811.dat    1
  64.00000304  199.6     0.0 0001 1424 5   16.0000    0.0625 PM0096_02811.dat    2
1024.00004864  114.8    30.0 0007 2756 5  256.0000    0.0039 PM0096_02811.dat    3
1408.01618034   30.8    20.0 0005 0227 5  352.0040    0.0028 PM0096_02811.dat    4
1663.99373140   30.4    20.0 0005 0116 5  415.9984    0.0024 PM0096_02811.dat    5
1152.00444927   30.3    20.0 0005 0084 5  288.0011    0.0035 PM0096_02811.dat    6
  56.88889159   23.9     0.0 0001 0425 5   14.2222    0.0703 PM0096_02811.dat    7
   1.96609975   19.8     0.0 0001 0340 2    0.4915    2.0345 PM0096_02811.dat    8
1755.39804309   12.6   195.0 0040 0063 5  438.8495    0.0023 PM0096_02811.dat    9
 910.22226546   12.4   420.0 0085 0449 3  227.5556    0.0044 PM0096_02811.dat   10
 148.89919500   12.2   445.0 0090 0431 5   37.2248    0.0269 PM0096_02811.dat   11
  44.52174125   11.7     0.0 0001 0283 5   11.1304    0.0898 PM0096_02811.dat   12
  22.60306687   11.0   325.0 0066 0303 5    5.6508    0.1770 PM0096_02811.dat   13
 974.79616506   11.0   455.0 0092 0077 5  243.6990    0.0041 PM0096_02811.dat   14
 558.54238192   10.8    30.0 0007 0095 5  139.6356    0.0072 PM0096_02811.dat   15
 423.70988981   10.5   350.0 0071 0202 2  105.9275    0.0094 PM0096_02811.dat   16
  29.64494693   10.4   130.0 0027 0261 5    7.4112    0.1349 PM0096_02811.dat   17
  18.36674870   10.4   295.0 0060 0279 5    4.5917    0.2178 PM0096_02811.dat   18
  60.23529698   10.3     0.0 0001 0199 5   15.0588    0.0664 PM0096_02811.dat   19
  28.95429157   10.3   420.0 0085 0209 5    7.2386    0.1381 PM0096_02811.dat   20
  12.13111500   10.3   160.0 0033 0165 5    3.0328    0.3297 PM0096_02811.dat   21
  11.53875084   10.2    50.0 0011 0171 5    2.8847    0.3467 PM0096_02811.dat   22
  10.82997431   10.2   100.0 0021 0107 5    2.7075    0.3693 PM0096_02811.dat   23
  30.91813682   10.2   455.0 0092 0099 5    7.7295    0.1294 PM0096_02811.dat   24
  12.44444635   10.0     0.0 0001 0114 4    3.1111    0.3214 PM0096_02811.dat   25
  11.88398148   10.0   200.0 0041 0088 5    2.9710    0.3366 PM0096_02811.dat   26
   3.36842121    9.9     0.0 0001 0054 3    0.8421    1.1875 PM0096_02811.dat   27
1554.38150710    9.7    20.0 0005 0048 5  388.5954    0.0026 PM0096_02811.dat   28
  19.60376623    9.7   310.0 0063 0060 5    4.9009    0.2040 PM0096_02811.dat   29
  38.68583939    9.6   200.0 0041 0035 5    9.6715    0.1034 PM0096_02811.dat   30
  15.88839609    9.6   330.0 0067 0060 5    3.9721    0.2518 PM0096_02811.dat   31
 664.23377927    9.6   495.0 0100 0023 5  166.0584    0.0060 PM0096_02811.dat   32
  10.50746169    9.5   135.0 0028 0021 5    2.6269    0.3807 PM0096_02811.dat   33
  37.76857574    9.5   400.0 0081 0051 5    9.4421    0.1059 PM0096_02811.dat   34
  33.05380073    9.4   295.0 0060 0032 5    8.2634    0.1210 PM0096_02811.dat   35
 161.29380240    9.3    50.0 0011 0006 5   40.3234    0.0248 PM0096_02811.dat   36
   8.38766269    9.3   290.0 0059 0017 5    2.0969    0.4769 PM0096_02811.dat   37
  35.12078551    9.3   325.0 0066 0024 5    8.7802    0.1139 PM0096_02811.dat   38
 101.45873728    9.3   445.0 0090 0002 5   25.3647    0.0394 PM0096_02811.dat   39
 205.95903211    9.2    40.0 0009 0003 5   51.4898    0.0194 PM0096_02811.dat   40
2557.69750696    9.2    45.0 0010 0006 5  639.4243    0.0016 PM0096_02811.dat   41
   9.53003769    9.1    35.0 0008 0018 5    2.3825    0.4197 PM0096_02811.dat   42
1081.59860728    9.1   485.0 0098 0002 5  270.3996    0.0037 PM0096_02811.dat   43
  17.27057673    9.0   195.0 0040 0009 5    4.3176    0.2316 PM0096_02811.dat   44
 336.74990058    9.0   345.0 0070 0001 5   84.1875    0.0119 PM0096_02811.dat   45
4361.11692146    9.0   405.0 0082 0001 5 1090.2792    0.0009 PM0096_02811.dat   46
   4.09010270    8.9   275.0 0056 0014 4    1.0225    0.9780 PM0096_02811.dat   47
   3.54363445    8.8   175.0 0036 0005 3    0.8859    1.1288 PM0096_02811.dat   48
   4.47304657    8.7   200.0 0041 0016 4    1.1183    0.8942 PM0096_02811.dat   49
   0.59536864    8.7   390.0 0079 0011 1    0.1488    6.7185 PM0096_02811.dat   50
   0.56650527    8.7   205.0 0042 0008 1    0.1416    7.0608 PM0096_02811.dat   51
   0.53030808    8.6   495.0 0100 0008 1    0.1326    7.5428 PM0096_02811.dat   52
   2.14230274    8.5   465.0 0094 0007 3    0.5356    1.8671 PM0096_02811.dat   53
   4.61936933    8.5   185.0 0038 0008 4    1.1548    0.8659 PM0096_02811.dat   54
   0.69598211    8.5   185.0 0038 0004 1    0.1740    5.7473 PM0096_02811.dat   55
   6.33757084    8.3    75.0 0016 0004 4    1.5844    0.6312 PM0096_02811.dat   56
   1.34363965    8.3   275.0 0056 0003 2    0.3359    2.9770 PM0096_02811.dat   57
   3.12854617    8.1    75.0 0016 0002 2    0.7821    1.2785 PM0096_02811.dat   58
   0.94677972    8.1    45.0 0010 0001 1    0.2367    4.2248 PM0096_02811.dat   59
   1.71806529    8.1   375.0 0076 0001 2    0.4295    2.3282 PM0096_02811.dat   60
   1.25712528    8.1   235.0 0048 0002 2    0.3143    3.1819 PM0096_02811.dat   61
   7.33111359    8.0    80.0 0017 0001 4    1.8328    0.5456 PM0096_02811.dat   62
   3.24609162    8.0    45.0 0010 0002 2    0.8115    1.2323 PM0096_02811.dat   63
   1.45719351    8.0   400.0 0081 0001 1    0.3643    2.7450 PM0096_02811.dat   64
